app/build/intermediates/manifest_merge_blame_file/debug/manifest-merger-blame-debug-report.txt
1<?xml version="1.0" encoding="utf-8"?>
2<manifest xmlns:android="http://schemas.android.com/apk/res/android"
3    package="com.example.courseworkrmp"
4    android:versionCode="1"
5    android:versionName="1.0" >
6
7    <uses-sdk
8        android:minSdkVersion="23"
8-->src\main\AndroidManifest.xml
9        android:targetSdkVersion="32" />
9-->src\main\AndroidManifest.xml
10
11    <uses-permission android:name="android.permission.READ_EXTERNAL_STORAGE" />
11-->src\main\AndroidManifest.xml:4:5-80
11-->src\main\AndroidManifest.xml:4:22-77
12    <uses-permission android:name="android.permission.READ_INTERNAL_STORAGE" />
12-->src\main\AndroidManifest.xml:5:5-80
12-->src\main\AndroidManifest.xml:5:22-77
13
14    <application
14-->src\main\AndroidManifest.xml:6:5-39:19
15        android:allowBackup="true"
15-->src\main\AndroidManifest.xml:7:9-35
16        android:appComponentFactory="androidx.core.app.CoreComponentFactory"
16-->[androidx.core:core:1.8.0] AndroidManifest.xml:24:18-86
17        android:dataExtractionRules="@xml/data_extraction_rules"
17-->src\main\AndroidManifest.xml:8:9-65
18        android:debuggable="true"
19        android:extractNativeLibs="false"
20        android:fullBackupContent="@xml/backup_rules"
20-->src\main\AndroidManifest.xml:9:9-54
21        android:icon="@mipmap/ic_logo"
21-->src\main\AndroidManifest.xml:10:9-39
22        android:label="@string/app_name"
22-->src\main\AndroidManifest.xml:11:9-41
23        android:requestLegacyExternalStorage="true"
23-->src\main\AndroidManifest.xml:13:9-52
24        android:roundIcon="@mipmap/ic_logo_round"
24-->src\main\AndroidManifest.xml:12:9-50
25        android:supportsRtl="true"
25-->src\main\AndroidManifest.xml:14:9-35
26        android:theme="@style/Theme.Laba5RMP" >
26-->src\main\AndroidManifest.xml:15:9-46
27        <provider
27-->src\main\AndroidManifest.xml:17:9-22:20
28            android:name="com.example.courseworkrmp.data.BookContentProvider"
28-->src\main\AndroidManifest.xml:18:13-53
29            android:authorities="com.example.courseworkrmp.data"
29-->src\main\AndroidManifest.xml:19:13-65
30            android:enabled="true"
30-->src\main\AndroidManifest.xml:20:13-35
31            android:exported="false" >
31-->src\main\AndroidManifest.xml:21:13-37
32        </provider>
33
34        <activity
34-->src\main\AndroidManifest.xml:23:9-37:20
35            android:name="com.example.courseworkrmp.MainActivity"
35-->src\main\AndroidManifest.xml:24:13-41
36            android:exported="true"
36-->src\main\AndroidManifest.xml:25:13-36
37            android:label="@string/app_name"
37-->src\main\AndroidManifest.xml:26:13-45
38            android:theme="@style/Theme.Laba5RMP" >
38-->src\main\AndroidManifest.xml:27:13-50
39            <intent-filter>
39-->src\main\AndroidManifest.xml:28:13-32:29
40                <action android:name="android.intent.action.MAIN" />
40-->src\main\AndroidManifest.xml:29:17-69
40-->src\main\AndroidManifest.xml:29:25-66
41
42                <category android:name="android.intent.category.LAUNCHER" />
42-->src\main\AndroidManifest.xml:31:17-77
42-->src\main\AndroidManifest.xml:31:27-74
43            </intent-filter>
44
45            <meta-data
45-->src\main\AndroidManifest.xml:34:13-36:36
46                android:name="android.app.lib_name"
46-->src\main\AndroidManifest.xml:35:17-52
47                android:value="" />
47-->src\main\AndroidManifest.xml:36:17-33
48        </activity>
49        <activity
49-->[pub.devrel:easypermissions:3.0.0] AndroidManifest.xml:12:9-16:66
50            android:name="pub.devrel.easypermissions.AppSettingsDialogHolderActivity"
50-->[pub.devrel:easypermissions:3.0.0] AndroidManifest.xml:13:13-86
51            android:exported="false"
51-->[pub.devrel:easypermissions:3.0.0] AndroidManifest.xml:14:13-37
52            android:label=""
52-->[pub.devrel:easypermissions:3.0.0] AndroidManifest.xml:15:13-29
53            android:theme="@style/EasyPermissions.Transparent" />
53-->[pub.devrel:easypermissions:3.0.0] AndroidManifest.xml:16:13-63
54
55        <provider
55-->[androidx.emoji2:emoji2:1.2.0] AndroidManifest.xml:24:9-32:20
56            android:name="androidx.startup.InitializationProvider"
56-->[androidx.emoji2:emoji2:1.2.0] AndroidManifest.xml:25:13-67
57            android:authorities="com.example.courseworkrmp.androidx-startup"
57-->[androidx.emoji2:emoji2:1.2.0] AndroidManifest.xml:26:13-68
58            android:exported="false" >
58-->[androidx.emoji2:emoji2:1.2.0] AndroidManifest.xml:27:13-37
59            <meta-data
59-->[androidx.emoji2:emoji2:1.2.0] AndroidManifest.xml:29:13-31:52
60                android:name="androidx.emoji2.text.EmojiCompatInitializer"
60-->[androidx.emoji2:emoji2:1.2.0] AndroidManifest.xml:30:17-75
61                android:value="androidx.startup" />
61-->[androidx.emoji2:emoji2:1.2.0] AndroidManifest.xml:31:17-49
62            <meta-data
62-->[androidx.lifecycle:lifecycle-process:2.4.1] AndroidManifest.xml:31:13-33:52
63                android:name="androidx.lifecycle.ProcessLifecycleInitializer"
63-->[androidx.lifecycle:lifecycle-process:2.4.1] AndroidManifest.xml:32:17-78
64                android:value="androidx.startup" />
64-->[androidx.lifecycle:lifecycle-process:2.4.1] AndroidManifest.xml:33:17-49
65        </provider>
66    </application>
67
68</manifest>